# JRE version: Java(TM) SE Runtime Environment (8.0_91-b14) (build 1.8.0_91-b14)
# Java VM: Java HotSpot(TM) 64-Bit Server VM (25.91-b14 mixed mode windows-amd64 compressed oops)
Heap:
 PSYoungGen      total 381440K, used 74316K [0x00000000d5580000, 0x00000000fa580000, 0x0000000100000000)
  eden space 373760K, 19% used [0x00000000d5580000,0x00000000d9e13268,0x00000000ec280000)
  from space 7680K, 0% used [0x00000000f9e00000,0x00000000f9e00000,0x00000000fa580000)
  to   space 90112K, 0% used [0x00000000ef580000,0x00000000ef580000,0x00000000f4d80000)
 ParOldGen       total 184832K, used 69262K [0x0000000080000000, 0x000000008b480000, 0x00000000d5580000)
  object space 184832K, 37% used [0x0000000080000000,0x00000000843a3bf0,0x000000008b480000)
 Metaspace       used 118056K, capacity 122978K, committed 130944K, reserved 1163264K
  class space    used 15095K, capacity 16021K, committed 17024K, reserved 1048576K
GC Heap History (10 events):
Event: 10708.664 GC heap before
{Heap before GC invocations=22 (full 5):
 PSYoungGen      total 465920K, used 457329K [0x00000000d5580000, 0x00000000f6b00000, 0x0000000100000000)
  eden space 426496K, 100% used [0x00000000d5580000,0x00000000ef600000,0x00000000ef600000)
  from space 39424K, 78% used [0x00000000f4480000,0x00000000f629c428,0x00000000f6b00000)
  to   space 59904K, 0% used [0x00000000ef600000,0x00000000ef600000,0x00000000f3080000)
 ParOldGen       total 193536K, used 94200K [0x0000000080000000, 0x000000008bd00000, 0x00000000d5580000)
  object space 193536K, 48% used [0x0000000080000000,0x0000000085bfe2e8,0x000000008bd00000)
 Metaspace       used 117604K, capacity 122602K, committed 123008K, reserved 1157120K
  class space    used 15132K, capacity 16094K, committed 16256K, reserved 1048576K
Event: 10708.739 GC heap after
Heap after GC invocations=22 (full 5):
 PSYoungGen      total 438784K, used 30219K [0x00000000d5580000, 0x00000000f5600000, 0x0000000100000000)
  eden space 408064K, 0% used [0x00000000d5580000,0x00000000d5580000,0x00000000ee400000)
  from space 30720K, 98% used [0x00000000ef600000,0x00000000f1382e80,0x00000000f1400000)
  to   space 58368K, 0% used [0x00000000f1d00000,0x00000000f1d00000,0x00000000f5600000)
 ParOldGen       total 193536K, used 94208K [0x0000000080000000, 0x000000008bd00000, 0x00000000d5580000)
  object space 193536K, 48% used [0x0000000080000000,0x0000000085c002e8,0x000000008bd00000)
 Metaspace       used 117604K, capacity 122602K, committed 123008K, reserved 1157120K
  class space    used 15132K, capacity 16094K, committed 16256K, reserved 1048576K
}
Event: 11024.607 GC heap before
{Heap before GC invocations=23 (full 5):
 PSYoungGen      total 438784K, used 438283K [0x00000000d5580000, 0x00000000f5600000, 0x0000000100000000)
  eden space 408064K, 100% used [0x00000000d5580000,0x00000000ee400000,0x00000000ee400000)
  from space 30720K, 98% used [0x00000000ef600000,0x00000000f1382e80,0x00000000f1400000)
  to   space 58368K, 0% used [0x00000000f1d00000,0x00000000f1d00000,0x00000000f5600000)
 ParOldGen       total 193536K, used 94208K [0x0000000080000000, 0x000000008bd00000, 0x00000000d5580000)
  object space 193536K, 48% used [0x0000000080000000,0x0000000085c002e8,0x000000008bd00000)
 Metaspace       used 118851K, capacity 123902K, committed 124160K, reserved 1157120K
  class space    used 15252K, capacity 16226K, committed 16384K, reserved 1048576K
Event: 11024.710 GC heap after
Heap after GC invocations=23 (full 5):
 PSYoungGen      total 449024K, used 58366K [0x00000000d5580000, 0x00000000f5900000, 0x0000000100000000)
  eden space 390656K, 0% used [0x00000000d5580000,0x00000000d5580000,0x00000000ed300000)
  from space 58368K, 99% used [0x00000000f1d00000,0x00000000f55ff8d8,0x00000000f5600000)
  to   space 68608K, 0% used [0x00000000ed300000,0x00000000ed300000,0x00000000f1600000)
 ParOldGen       total 193536K, used 97175K [0x0000000080000000, 0x000000008bd00000, 0x00000000d5580000)
  object space 193536K, 50% used [0x0000000080000000,0x0000000085ee5e40,0x000000008bd00000)
 Metaspace       used 118851K, capacity 123902K, committed 124160K, reserved 1157120K
  class space    used 15252K, capacity 16226K, committed 16384K, reserved 1048576K
}
Event: 11028.891 GC heap before
{Heap before GC invocations=24 (full 5):
 PSYoungGen      total 449024K, used 449022K [0x00000000d5580000, 0x00000000f5900000, 0x0000000100000000)
  eden space 390656K, 100% used [0x00000000d5580000,0x00000000ed300000,0x00000000ed300000)
  from space 58368K, 99% used [0x00000000f1d00000,0x00000000f55ff8d8,0x00000000f5600000)
  to   space 68608K, 0% used [0x00000000ed300000,0x00000000ed300000,0x00000000f1600000)
 ParOldGen       total 193536K, used 97175K [0x0000000080000000, 0x000000008bd00000, 0x00000000d5580000)
  object space 193536K, 50% used [0x0000000080000000,0x0000000085ee5e40,0x000000008bd00000)
 Metaspace       used 124940K, capacity 130052K, committed 130432K, reserved 1163264K
  class space    used 15934K, capacity 16931K, committed 17024K, reserved 1048576K
Event: 11029.030 GC heap after
Heap after GC invocations=24 (full 5):
 PSYoungGen      total 459264K, used 68577K [0x00000000d5580000, 0x00000000ff680000, 0x0000000100000000)
  eden space 390656K, 0% used [0x00000000d5580000,0x00000000d5580000,0x00000000ed300000)
  from space 68608K, 99% used [0x00000000ed300000,0x00000000f15f84d8,0x00000000f1600000)
  to   space 90624K, 0% used [0x00000000f9e00000,0x00000000f9e00000,0x00000000ff680000)
 ParOldGen       total 193536K, used 127769K [0x0000000080000000, 0x000000008bd00000, 0x00000000d5580000)
  object space 193536K, 66% used [0x0000000080000000,0x0000000087cc66e8,0x000000008bd00000)
 Metaspace       used 124940K, capacity 130052K, committed 130432K, reserved 1163264K
  class space    used 15934K, capacity 16931K, committed 17024K, reserved 1048576K
}
Event: 15296.732 GC heap before
{Heap before GC invocations=25 (full 5):
 PSYoungGen      total 459264K, used 459233K [0x00000000d5580000, 0x00000000ff680000, 0x0000000100000000)
  eden space 390656K, 100% used [0x00000000d5580000,0x00000000ed300000,0x00000000ed300000)
  from space 68608K, 99% used [0x00000000ed300000,0x00000000f15f84d8,0x00000000f1600000)
  to   space 90624K, 0% used [0x00000000f9e00000,0x00000000f9e00000,0x00000000ff680000)
 ParOldGen       total 193536K, used 127769K [0x0000000080000000, 0x000000008bd00000, 0x00000000d5580000)
  object space 193536K, 66% used [0x0000000080000000,0x0000000087cc66e8,0x000000008bd00000)
 Metaspace       used 125458K, capacity 130706K, committed 130944K, reserved 1163264K
  class space    used 15947K, capacity 16950K, committed 17024K, reserved 1048576K
Event: 15296.841 GC heap after
Heap after GC invocations=25 (full 5):
 PSYoungGen      total 381440K, used 7326K [0x00000000d5580000, 0x00000000fa580000, 0x0000000100000000)
  eden space 373760K, 0% used [0x00000000d5580000,0x00000000d5580000,0x00000000ec280000)
  from space 7680K, 95% used [0x00000000f9e00000,0x00000000fa527898,0x00000000fa580000)
  to   space 90112K, 0% used [0x00000000ef580000,0x00000000ef580000,0x00000000f4d80000)
 ParOldGen       total 193536K, used 185585K [0x0000000080000000, 0x000000008bd00000, 0x00000000d5580000)
  object space 193536K, 95% used [0x0000000080000000,0x000000008b53c748,0x000000008bd00000)
 Metaspace       used 125458K, capacity 130706K, committed 130944K, reserved 1163264K
  class space    used 15947K, capacity 16950K, committed 17024K, reserved 1048576K
}
Event: 15296.841 GC heap before
{Heap before GC invocations=26 (full 6):
 PSYoungGen      total 381440K, used 7326K [0x00000000d5580000, 0x00000000fa580000, 0x0000000100000000)
  eden space 373760K, 0% used [0x00000000d5580000,0x00000000d5580000,0x00000000ec280000)
  from space 7680K, 95% used [0x00000000f9e00000,0x00000000fa527898,0x00000000fa580000)
  to   space 90112K, 0% used [0x00000000ef580000,0x00000000ef580000,0x00000000f4d80000)
 ParOldGen       total 193536K, used 185585K [0x0000000080000000, 0x000000008bd00000, 0x00000000d5580000)
  object space 193536K, 95% used [0x0000000080000000,0x000000008b53c748,0x000000008bd00000)
 Metaspace       used 125458K, capacity 130706K, committed 130944K, reserved 1163264K
  class space    used 15947K, capacity 16950K, committed 17024K, reserved 1048576K
Event: 15297.131 GC heap after
Heap after GC invocations=26 (full 6):
 PSYoungGen      total 381440K, used 0K [0x00000000d5580000, 0x00000000fa580000, 0x0000000100000000)
  eden space 373760K, 0% used [0x00000000d5580000,0x00000000d5580000,0x00000000ec280000)
  from space 7680K, 0% used [0x00000000f9e00000,0x00000000f9e00000,0x00000000fa580000)
  to   space 90112K, 0% used [0x00000000ef580000,0x00000000ef580000,0x00000000f4d80000)
 ParOldGen       total 184832K, used 69262K [0x0000000080000000, 0x000000008b480000, 0x00000000d5580000)
  object space 184832K, 37% used [0x0000000080000000,0x00000000843a3bf0,0x000000008b480000)
 Metaspace       used 117748K, capacity 122430K, committed 130944K, reserved 1163264K
  class space    used 15040K, capacity 15922K, committed 17024K, reserved 1048576K
}

